#
# A fatal error has been detected by the Java Runtime Environment:
#
#  Internal Error (javaClasses.cpp:136), pid=33224, tid=21060
#  fatal error: Invalid layout of preloaded class
#
# JRE version:  (7.0_51-b13) (build )
# Java VM: Java HotSpot(TM) Client VM (24.51-b03 mixed mode windows-x86 )
# Failed to write core dump. Minidumps are not enabled by default on client versions of Windows
#
# If you would like to submit a bug report, please visit:
#   http://bugreport.sun.com/bugreport/crash.jsp
#

---------------  T H R E A D  ---------------

Current thread (0x02adbc00):  JavaThread "Unknown thread" [_thread_in_vm, id=21060, stack(0x01270000,0x012c0000)]

Stack: [0x01270000,0x012c0000],  sp=0x012bf308,  free space=316k
Native frames: (J=compiled Java code, j=interpreted, Vv=VM code, C=native code)
V  [jvm.dll+0x18e0f1]
V  [jvm.dll+0x187e66]
V  [jvm.dll+0x3586a]
V  [jvm.dll+0x358f6]
V  [jvm.dll+0x4400d]
V  [jvm.dll+0x442be]
V  [jvm.dll+0x9263a]
V  [jvm.dll+0x929eb]
V  [jvm.dll+0x13dc51]
V  [jvm.dll+0x16076c]
V  [jvm.dll+0xc8ebf]
C  [javaw.exe+0x13ce]
C  [javaw.exe+0x1e40]
C  [javaw.exe+0xa5b1]
C  [javaw.exe+0xa63b]
C  [KERNEL32.DLL+0x2850d]
C  [ntdll.dll+0x5bf39]
C  [ntdll.dll+0x5bf0c]


---------------  P R O C E S S  ---------------

Java Threads: ( => current thread )

Other Threads:

=>0x02adbc00 (exited) JavaThread "Unknown thread" [_thread_in_vm, id=21060, stack(0x01270000,0x012c0000)]

VM state:not at safepoint (not fully initialized)

VM Mutex/Monitor currently owned by a thread: None

GC Heap History (0 events):
No events

Deoptimization events (0 events):
No events

Internal exceptions (0 events):
No events

Events (10 events):
Event: 0.038 loading class 0x02afada8 done
Event: 0.038 loading class 0x02afa838 done
Event: 0.038 loading class 0x02afa818
Event: 0.038 loading class 0x02b01b40
Event: 0.038 loading class 0x02b01b40 done
Event: 0.038 loading class 0x02b01b70
Event: 0.038 loading class 0x02b01b70 done
Event: 0.038 loading class 0x02b01ba0
Event: 0.038 loading class 0x02b01ba0 done
Event: 0.038 loading class 0x02afa818 done


Dynamic libraries:
0x00300000 - 0x0032f000 	C:\Program Files (x86)\Java\jre7\bin\javaw.exe
0x77600000 - 0x77757000 	C:\Windows\SYSTEM32\ntdll.dll
0x76c60000 - 0x76d90000 	C:\Windows\SYSTEM32\KERNEL32.DLL
0x77480000 - 0x77526000 	C:\Windows\SYSTEM32\KERNELBASE.dll
0x75e50000 - 0x75efe000 	C:\Windows\SYSTEM32\ADVAPI32.dll
0x76ff0000 - 0x77106000 	C:\Windows\SYSTEM32\USER32.dll
0x73df0000 - 0x73fe8000 	C:\Windows\WinSxS\x86_microsoft.windows.common-controls_6595b64144ccf1df_6.0.9200.16579_none_8937eec6860750f5\COMCTL32.dll
0x76570000 - 0x76621000 	C:\Windows\SYSTEM32\msvcrt.dll
0x75f50000 - 0x75f84000 	C:\Windows\SYSTEM32\sechost.dll
0x764b0000 - 0x7655c000 	C:\Windows\SYSTEM32\RPCRT4.dll
0x763b0000 - 0x764ad000 	C:\Windows\SYSTEM32\GDI32.dll
0x74c30000 - 0x74c4c000 	C:\Windows\SYSTEM32\SspiCli.dll
0x74c20000 - 0x74c29000 	C:\Windows\SYSTEM32\CRYPTBASE.dll
0x74bc0000 - 0x74c11000 	C:\Windows\SYSTEM32\bcryptPrimitives.dll
0x77110000 - 0x77130000 	C:\Windows\system32\IMM32.DLL
0x75d20000 - 0x75dfe000 	C:\Windows\SYSTEM32\MSCTF.dll
0x6b460000 - 0x6b51f000 	C:\Program Files (x86)\Java\jre7\bin\msvcr100.dll
0x6b0e0000 - 0x6b460000 	C:\Program Files (x86)\Java\jre7\bin\client\jvm.dll
0x74080000 - 0x74088000 	C:\Windows\SYSTEM32\WSOCK32.dll
0x74870000 - 0x74891000 	C:\Windows\SYSTEM32\WINMM.dll
0x76560000 - 0x76566000 	C:\Windows\SYSTEM32\PSAPI.DLL
0x75f00000 - 0x75f50000 	C:\Windows\SYSTEM32\WS2_32.dll
0x74820000 - 0x7484b000 	C:\Windows\SYSTEM32\WINMMBASE.dll
0x77530000 - 0x77538000 	C:\Windows\SYSTEM32\NSI.dll
0x76910000 - 0x76956000 	C:\Windows\SYSTEM32\cfgmgr32.dll
0x75f90000 - 0x75fae000 	C:\Windows\SYSTEM32\DEVOBJ.dll
0x732a0000 - 0x732ac000 	C:\Program Files (x86)\Java\jre7\bin\verify.dll
0x72670000 - 0x72690000 	C:\Program Files (x86)\Java\jre7\bin\java.dll
0x66800000 - 0x6682a000 	C:\Program Files (x86)\Java\jre7\bin\jdwp.dll
0x69f10000 - 0x69f17000 	C:\Program Files (x86)\Java\jre7\bin\npt.dll
0x72600000 - 0x72613000 	C:\Program Files (x86)\Java\jre7\bin\zip.dll
0x70ba0000 - 0x70cc9000 	C:\Windows\SYSTEM32\dbghelp.dll

VM Arguments:
jvm_args: -agentlib:jdwp=transport=dt_socket,suspend=y,address=localhost:60235 -Dfile.encoding=Cp1252 -Xbootclasspath:C:\Users\Bryan\Documents\adt-bundle-windows-x86_64-20131030\sdk\platforms\android-18\android.jar 
java_command: ContactListActivity 192.168.5.6 3444 5555 test.txt
Launcher Type: SUN_STANDARD

Environment Variables:
PATH=C:\Program Files (x86)\HP SimplePass\x64;C:\Program Files (x86)\HP SimplePass\;;C:\Program Files (x86)\AMD APP\bin\x86_64;C:\Program Files (x86)\AMD APP\bin\x86;C:\Windows\system32;C:\Windows;C:\Windows\System32\Wbem;C:\Windows\System32\WindowsPowerShell\v1.0\;C:\Program Files (x86)\Windows Live\Shared;C:\Program Files (x86)\ATI Technologies\ATI.ACE\Core-Static
USERNAME=Bryan
OS=Windows_NT
PROCESSOR_IDENTIFIER=AMD64 Family 21 Model 19 Stepping 1, AuthenticAMD



---------------  S Y S T E M  ---------------

OS: Windows 8 , 64 bit Build 9200 

CPU:total 4 (4 cores per cpu, 1 threads per core) family 21 model 19 stepping 1, cmov, cx8, fxsr, mmx, sse, sse2, sse3, ssse3, sse4.1, sse4.2, popcnt, avx, aes, mmxext, 3dnowpref, lzcnt, sse4a, tsc, tscinvbit, tscinv

Memory: 4k page, physical 7563524k(2983960k free), swap 15165700k(9976340k free)

vm_info: Java HotSpot(TM) Client VM (24.51-b03) for windows-x86 JRE (1.7.0_51-b13), built on Dec 18 2013 19:09:58 by "java_re" with unknown MS VC++:1600

time: Thu Mar 13 22:06:47 2014
elapsed time: 0 seconds

